dss_hdd_sequential_iops (73596, 13) (18534, 13) (73596, 13)
Numerical (73596, 7)
Categorical (73596, 5)
Processing and Saving dss_hdd_sequential_iops Successfully!
dss_hdd_sequential_iops
Total 92130
Train 73596
Test 18534
Num 8
Cat 5
dss_hdd_sequential_iops (73596, 13) (0, 13) (18534, 13) (73596, 13)
Numerical (73596, 7)
Categorical (73596, 5)
Processing and Saving dss_hdd_sequential_iops Successfully!
dss_hdd_sequential_iops
Total 92130
Train 73596
Val 0
Test 18534
Num 8
Int 6
Cat 5
tabddpm: using existing external/tab-ddpm
tabdiff: using existing external/tabdiff
tabsyn: using existing external/tabsyn
(cd external/tabsyn && python3 process_dataset.py --dataname dss_hdd_sequential_iops)
(cd external/tabdiff && python3 process_dataset.py --dataname dss_hdd_sequential_iops)
Prepared config for ('tabddpm', 'iops'): external/tab-ddpm/exp/dss_hdd_sequential_iops/dss_ddpm/config.toml
